<?xml version="1.0" encoding="UTF-8"?>
<!-- Generated by org.testng.reporters.JUnitXMLReporter -->
<testsuite hostname="Rasel" name="Ebay" tests="7" failures="0" timestamp="12 Mar 2025 03:51:27 GMT" time="341.186" errors="0">
  <testcase name="feature" time="27.96" classname="upskill.runners.RunnerClass"/>
  <testcase name="feature" time="108.575" classname="upskill.runners.RunnerClass"/>
  <testcase name="feature" time="99.235" classname="upskill.runners.RunnerClass"/>
  <testcase name="feature" time="36.999" classname="upskill.runners.RunnerClass"/>
  <testcase name="feature" time="38.394" classname="upskill.runners.RunnerClass"/>
  <testcase name="feature" time="17.871" classname="upskill.runners.RunnerClass"/>
  <testcase name="feature" time="11.535" classname="upskill.runners.RunnerClass"/>
</testsuite> <!-- Ebay -->
