<?xml version="1.0" encoding="UTF-8"?>
<testng-results skipped="0" failed="0" total="1" passed="1">
  <reporter-output>
  </reporter-output>
  <suite name="Regression" duration-ms="5332" started-at="2025-01-25T21:28:52Z" finished-at="2025-01-25T21:28:58Z">
    <groups>
      <group name="cucumber">
        <method signature="AbstractTestNGCucumberTests.feature(cucumber.api.testng.CucumberFeatureWrapper)[pri:0, instance:upskill.runners.RunnerClass@70be0a2b]" name="feature" class="cucumber.api.testng.AbstractTestNGCucumberTests"/>
      </group> <!-- cucumber -->
    </groups>
    <test name="Ebay" duration-ms="5332" started-at="2025-01-25T21:28:52Z" finished-at="2025-01-25T21:28:58Z">
      <class name="upskill.runners.RunnerClass">
        <test-method status="PASS" signature="setUpClass()[pri:0, instance:upskill.runners.RunnerClass@70be0a2b]" name="setUpClass" is-config="true" duration-ms="151" started-at="2025-01-25T16:28:52Z" finished-at="2025-01-25T16:28:52Z">
          <reporter-output>
          </reporter-output>
        </test-method> <!-- setUpClass -->
        <test-method status="PASS" signature="feature(cucumber.api.testng.CucumberFeatureWrapper)[pri:0, instance:upskill.runners.RunnerClass@70be0a2b]" name="feature" duration-ms="4890" started-at="2025-01-25T16:28:53Z" description="Runs Cucumber Feature" data-provider="features" finished-at="2025-01-25T16:28:57Z">
          <params>
            <param index="0">
              <value>
                <![CDATA[Ebay Search Functionality]]>
              </value>
            </param>
          </params>
          <reporter-output>
          </reporter-output>
        </test-method> <!-- feature -->
        <test-method status="PASS" signature="writeExtentReport()[pri:0, instance:upskill.runners.RunnerClass@70be0a2b]" name="writeExtentReport" is-config="true" duration-ms="8" started-at="2025-01-25T16:28:57Z" finished-at="2025-01-25T16:28:57Z">
          <reporter-output>
          </reporter-output>
        </test-method> <!-- writeExtentReport -->
        <test-method status="PASS" signature="tearDownClass()[pri:0, instance:upskill.runners.RunnerClass@70be0a2b]" name="tearDownClass" is-config="true" duration-ms="222" started-at="2025-01-25T16:28:57Z" finished-at="2025-01-25T16:28:58Z">
          <reporter-output>
          </reporter-output>
        </test-method> <!-- tearDownClass -->
      </class> <!-- upskill.runners.RunnerClass -->
    </test> <!-- Ebay -->
  </suite> <!-- Regression -->
</testng-results>
